Using pre-set license
Built from '2021.3/staging' branch; Version is '2021.3.18f1 (3129e69bc0c7) revision 3221990'; Using compiler version '192829333'; Build Type 'Release'
OS: 'Windows 11  (10.0.22000) 64bit Professional' Language: 'en' Physical Memory: 32699 MB
BatchMode: 1, IsHumanControllingUs: 0, StartBugReporterOnCrash: 0, Is64bit: 1, IsPro: 1

COMMAND LINE ARGUMENTS:
C:\Program Files\Unity\Hub\Editor\2021.3.18f1\Editor\Unity.exe
-adb2
-batchMode
-noUpm
-name
AssetImportWorker0
-projectPath
C:/Users/martr/Desktop/Ionic Escape/Ionic Escape
-logFile
Logs/AssetImportWorker0.log
-srvPort
54290
Successfully changed project path to: C:/Users/martr/Desktop/Ionic Escape/Ionic Escape
C:/Users/martr/Desktop/Ionic Escape/Ionic Escape
[UnityMemory] Configuration Parameters - Can be set up in boot.config
    "memorysetup-bucket-allocator-granularity=16"
    "memorysetup-bucket-allocator-bucket-count=8"
    "memorysetup-bucket-allocator-block-size=33554432"
    "memorysetup-bucket-allocator-block-count=8"
    "memorysetup-main-allocator-block-size=16777216"
    "memorysetup-thread-allocator-block-size=16777216"
    "memorysetup-gfx-main-allocator-block-size=16777216"
    "memorysetup-gfx-thread-allocator-block-size=16777216"
    "memorysetup-cache-allocator-block-size=4194304"
    "memorysetup-typetree-allocator-block-size=2097152"
    "memorysetup-profiler-bucket-allocator-granularity=16"
    "memorysetup-profiler-bucket-allocator-bucket-count=8"
    "memorysetup-profiler-bucket-allocator-block-size=33554432"
    "memorysetup-profiler-bucket-allocator-block-count=8"
    "memorysetup-profiler-allocator-block-size=16777216"
    "memorysetup-profiler-editor-allocator-block-size=1048576"
    "memorysetup-temp-allocator-size-main=16777216"
    "memorysetup-job-temp-allocator-block-size=2097152"
    "memorysetup-job-temp-allocator-block-size-background=1048576"
    "memorysetup-job-temp-allocator-reduction-small-platforms=262144"
    "memorysetup-temp-allocator-size-background-worker=32768"
    "memorysetup-temp-allocator-size-job-worker=262144"
    "memorysetup-temp-allocator-size-preload-manager=33554432"
    "memorysetup-temp-allocator-size-nav-mesh-worker=65536"
    "memorysetup-temp-allocator-size-audio-worker=65536"
    "memorysetup-temp-allocator-size-cloud-worker=32768"
    "memorysetup-temp-allocator-size-gi-baking-worker=262144"
    "memorysetup-temp-allocator-size-gfx=262144"
Player connection [18344] Host "[IP] 192.168.0.80 [Port] 0 [Flags] 2 [Guid] 3486108996 [EditorId] 3486108996 [Version] 1048832 [Id] WindowsEditor(7,Micah_PC) [Debug] 1 [PackageName] WindowsEditor [ProjectName] Editor" joined multi-casting on [225.0.0.222:54997]...

Player connection [18344] Host "[IP] 192.168.0.80 [Port] 0 [Flags] 2 [Guid] 3486108996 [EditorId] 3486108996 [Version] 1048832 [Id] WindowsEditor(7,Micah_PC) [Debug] 1 [PackageName] WindowsEditor [ProjectName] Editor" joined alternative multi-casting on [225.0.0.222:34997]...

Refreshing native plugins compatible for Editor in 102.67 ms, found 4 plugins.
Preloading 0 native plugins for Editor in 0.00 ms.
Initialize engine version: 2021.3.18f1 (3129e69bc0c7)
[Subsystems] Discovering subsystems at path C:/Program Files/Unity/Hub/Editor/2021.3.18f1/Editor/Data/Resources/UnitySubsystems
[Subsystems] Discovering subsystems at path C:/Users/martr/Desktop/Ionic Escape/Ionic Escape/Assets
GfxDevice: creating device client; threaded=0; jobified=0
Direct3D:
    Version:  Direct3D 11.0 [level 11.1]
    Renderer: NVIDIA GeForce RTX 3080 (ID=0x2216)
    Vendor:   NVIDIA
    VRAM:     10077 MB
    Driver:   31.0.15.1694
Initialize mono
Mono path[0] = 'C:/Program Files/Unity/Hub/Editor/2021.3.18f1/Editor/Data/Managed'
Mono path[1] = 'C:/Program Files/Unity/Hub/Editor/2021.3.18f1/Editor/Data/MonoBleedingEdge/lib/mono/unityjit-win32'
Mono config path = 'C:/Program Files/Unity/Hub/Editor/2021.3.18f1/Editor/Data/MonoBleedingEdge/etc'
Using monoOptions --debugger-agent=transport=dt_socket,embedding=1,server=y,suspend=n,address=127.0.0.1:56308
Begin MonoManager ReloadAssembly
Registering precompiled unity dll's ...
Register platform support module: C:/Program Files/Unity/Hub/Editor/2021.3.18f1/Editor/Data/PlaybackEngines/WindowsStandaloneSupport/UnityEditor.WindowsStandalone.Extensions.dll
Registered in 0.004196 seconds.
Native extension for WindowsStandalone target not found
Refreshing native plugins compatible for Editor in 105.84 ms, found 4 plugins.
Preloading 0 native plugins for Editor in 0.00 ms.
Mono: successfully reloaded assembly
- Completed reload, in  0.685 seconds
Domain Reload Profiling:
	ReloadAssembly (686ms)
		BeginReloadAssembly (78ms)
			ExecutionOrderSort (0ms)
			DisableScriptedObjects (0ms)
			BackupInstance (0ms)
			ReleaseScriptingObjects (0ms)
			CreateAndSetChildDomain (1ms)
		EndReloadAssembly (499ms)
			LoadAssemblies (75ms)
			RebuildTransferFunctionScriptingTraits (0ms)
			SetupTypeCache (105ms)
			ReleaseScriptCaches (0ms)
			RebuildScriptCaches (25ms)
			SetupLoadedEditorAssemblies (322ms)
				LogAssemblyErrors (0ms)
				InitializePlatformSupportModulesInManaged (6ms)
				SetLoadedEditorAssemblies (0ms)
				RefreshPlugins (106ms)
				BeforeProcessingInitializeOnLoad (1ms)
				ProcessInitializeOnLoadAttributes (143ms)
				ProcessInitializeOnLoadMethodAttributes (65ms)
				AfterProcessingInitializeOnLoad (0ms)
				EditorAssembliesLoaded (0ms)
			ExecutionOrderSort2 (0ms)
			AwakeInstancesAfterBackupRestoration (0ms)
Platform modules already initialized, skipping
Registering precompiled user dll's ...
Registered in 0.009577 seconds.
Begin MonoManager ReloadAssembly
Symbol file LoadedFromMemory doesn't match image C:\Users\martr\Desktop\Ionic Escape\Ionic Escape\Library\PackageCache\com.unity.visualscripting@1.8.0\Editor\VisualScripting.Core\Dependencies\YamlDotNet\Unity.VisualScripting.YamlDotNet.dll
Symbol file LoadedFromMemory doesn't match image C:\Users\martr\Desktop\Ionic Escape\Ionic Escape\Library\PackageCache\com.unity.visualscripting@1.8.0\Editor\VisualScripting.Core\Dependencies\DotNetZip\Unity.VisualScripting.IonicZip.dll
Native extension for WindowsStandalone target not found
Refreshing native plugins compatible for Editor in 110.46 ms, found 4 plugins.
Preloading 0 native plugins for Editor in 0.00 ms.
Mono: successfully reloaded assembly
- Completed reload, in  1.107 seconds
Domain Reload Profiling:
	ReloadAssembly (1108ms)
		BeginReloadAssembly (107ms)
			ExecutionOrderSort (0ms)
			DisableScriptedObjects (5ms)
			BackupInstance (0ms)
			ReleaseScriptingObjects (0ms)
			CreateAndSetChildDomain (26ms)
		EndReloadAssembly (881ms)
			LoadAssemblies (73ms)
			RebuildTransferFunctionScriptingTraits (0ms)
			SetupTypeCache (231ms)
			ReleaseScriptCaches (1ms)
			RebuildScriptCaches (56ms)
			SetupLoadedEditorAssemblies (475ms)
				LogAssemblyErrors (0ms)
				InitializePlatformSupportModulesInManaged (4ms)
				SetLoadedEditorAssemblies (0ms)
				RefreshPlugins (111ms)
				BeforeProcessingInitializeOnLoad (94ms)
				ProcessInitializeOnLoadAttributes (219ms)
				ProcessInitializeOnLoadMethodAttributes (41ms)
				AfterProcessingInitializeOnLoad (6ms)
				EditorAssembliesLoaded (0ms)
			ExecutionOrderSort2 (0ms)
			AwakeInstancesAfterBackupRestoration (6ms)
Platform modules already initialized, skipping
========================================================================
Worker process is ready to serve import requests
Launched and connected shader compiler UnityShaderCompiler.exe after 0.04 seconds
Refreshing native plugins compatible for Editor in 0.93 ms, found 4 plugins.
Preloading 0 native plugins for Editor in 0.00 ms.
Unloading 3772 Unused Serialized files (Serialized files now loaded: 0)
Unloading 40 unused Assets / (185.6 KB). Loaded Objects now: 4228.
Memory consumption went from 145.6 MB to 145.5 MB.
Total: 3.388500 ms (FindLiveObjects: 0.414100 ms CreateObjectMapping: 0.109000 ms MarkObjects: 2.693700 ms  DeleteObjects: 0.170500 ms)

AssetImportParameters requested are different than current active one (requested -> active):
  custom:video-decoder-ogg-theora: a1e56fd34408186e4bbccfd4996cb3dc -> 
  custom:container-muxer-webm: aa71ff27fc2769a1b78a27578f13a17b -> 
  custom:container-demuxer-webm: 4f35f7cbe854078d1ac9338744f61a02 -> 
  custom:video-encoder-webm-vp8: eb34c28f22e8b96e1ab97ce403110664 -> 
  custom:audio-encoder-webm-vorbis: bf7c407c2cedff20999df2af8eb42d56 -> 
  custom:framework-win-MediaFoundation: 216162199b28c13a410421893ffa2e32 -> 
  custom:container-demuxer-ogg: 62fdf1f143b41e24485cea50d1cbac27 -> 
  custom:video-decoder-webm-vp8: 9c59270c3fd7afecdb556c50c9e8de78 -> 
  custom:audio-decoder-ogg-vorbis: bf7c407c2cedff20999df2af8eb42d56 -> 
========================================================================
Received Import Request.
  Time since last request: 700200.930072 seconds.
  path: Assets/Scripts/Console.cs
  artifactKey: Guid(ed73990e189de427d8c01b126f40df66) Importer(815301076,1909f56bfc062723c751e8b465ee728b)
Start importing Assets/Scripts/Console.cs using Guid(ed73990e189de427d8c01b126f40df66) Importer(815301076,1909f56bfc062723c751e8b465ee728b)  -> (artifact id: '5024d90b89c9d6399583ec14328a2010') in 0.025181 seconds 
========================================================================
Received Import Request.
  Time since last request: 4.468764 seconds.
  path: Assets/Scripts/ContinuousScroll.cs
  artifactKey: Guid(026e0ae7615884b7d93b59e75e175e00) Importer(815301076,1909f56bfc062723c751e8b465ee728b)
Start importing Assets/Scripts/ContinuousScroll.cs using Guid(026e0ae7615884b7d93b59e75e175e00) Importer(815301076,1909f56bfc062723c751e8b465ee728b)  -> (artifact id: 'ffcbf2c5ccb348ce834887a56301615b') in 0.006070 seconds 
========================================================================
Received Import Request.
  Time since last request: 7.468124 seconds.
  path: Assets/Scripts/CreditsScroll.cs
  artifactKey: Guid(f64bbff4b9b944c3d948e9b0f4316286) Importer(815301076,1909f56bfc062723c751e8b465ee728b)
Start importing Assets/Scripts/CreditsScroll.cs using Guid(f64bbff4b9b944c3d948e9b0f4316286) Importer(815301076,1909f56bfc062723c751e8b465ee728b)  -> (artifact id: '6adb49aff010e592723aab80ca3d2e85') in 0.006682 seconds 
========================================================================
Received Import Request.
  Time since last request: 7.186525 seconds.
  path: Assets/Scripts/DeathZone.cs
  artifactKey: Guid(9a3c705f216434ec385d0fca88cbc35c) Importer(815301076,1909f56bfc062723c751e8b465ee728b)
Start importing Assets/Scripts/DeathZone.cs using Guid(9a3c705f216434ec385d0fca88cbc35c) Importer(815301076,1909f56bfc062723c751e8b465ee728b)  -> (artifact id: '104bb37c1ae61d17c9c5661fd5c0a88b') in 0.005956 seconds 
========================================================================
Received Import Request.
  Time since last request: 6.353158 seconds.
  path: Assets/Scripts/DisplayDeath.cs
  artifactKey: Guid(0b05da4089e4447d496d68efe0349c59) Importer(815301076,1909f56bfc062723c751e8b465ee728b)
Start importing Assets/Scripts/DisplayDeath.cs using Guid(0b05da4089e4447d496d68efe0349c59) Importer(815301076,1909f56bfc062723c751e8b465ee728b)  -> (artifact id: '668dc126577ad6922ec8ad9bb3aa5944') in 0.006332 seconds 
========================================================================
Received Import Request.
  Time since last request: 6.241679 seconds.
  path: Assets/Scripts/DisplayStats.cs
  artifactKey: Guid(1083c3cbf9b004eaebea0a459e1ad324) Importer(815301076,1909f56bfc062723c751e8b465ee728b)
Start importing Assets/Scripts/DisplayStats.cs using Guid(1083c3cbf9b004eaebea0a459e1ad324) Importer(815301076,1909f56bfc062723c751e8b465ee728b)  -> (artifact id: 'e75689887f9413cd8afa7bc66d098434') in 0.005968 seconds 
========================================================================
Received Import Request.
  Time since last request: 3.617669 seconds.
  path: Assets/Scripts/MoveUpDown.cs
  artifactKey: Guid(919fc7e45cb2a4e379ae129cff4efdc9) Importer(815301076,1909f56bfc062723c751e8b465ee728b)
Start importing Assets/Scripts/MoveUpDown.cs using Guid(919fc7e45cb2a4e379ae129cff4efdc9) Importer(815301076,1909f56bfc062723c751e8b465ee728b)  -> (artifact id: '3d729a81072a3fea5346133c9acd7f48') in 0.006272 seconds 
========================================================================
Received Import Request.
  Time since last request: 0.202525 seconds.
  path: Assets/Scripts/FollowPlayer.cs
  artifactKey: Guid(f14861dbc2d7b44488202c19deb2c8e3) Importer(815301076,1909f56bfc062723c751e8b465ee728b)
Start importing Assets/Scripts/FollowPlayer.cs using Guid(f14861dbc2d7b44488202c19deb2c8e3) Importer(815301076,1909f56bfc062723c751e8b465ee728b)  -> (artifact id: '78f73312780ec0b92ac4a42dab6b4db7') in 0.005736 seconds 
========================================================================
Received Import Request.
  Time since last request: 5.126276 seconds.
  path: Assets/Scripts/GameController.cs
  artifactKey: Guid(30d3e41b3f94e4e009aa404a0d2306e8) Importer(815301076,1909f56bfc062723c751e8b465ee728b)
Start importing Assets/Scripts/GameController.cs using Guid(30d3e41b3f94e4e009aa404a0d2306e8) Importer(815301076,1909f56bfc062723c751e8b465ee728b)  -> (artifact id: '81394b6e8b83ecac9adaa79700f6cc95') in 0.006186 seconds 
